Arguments: 
  /usr/local/Cellar/node@10/10.22.0/bin/node /usr/local/Cellar/yarn/1.22.4/libexec/bin/yarn.js add @babel/core @babel-cli --save-dev

PATH: 
  /usr/local/opt/node@10/bin:/usr/local/opt/icu4c/sbin:/usr/local/opt/icu4c/bin:/usr/local/opt/php@7.4/sbin:/usr/local/opt/php@7.4/bin:/usr/local/opt/php@7.3/sbin:/usr/local/opt/php@7.3/bin:/usr/local/opt/php@7.2/sbin:/usr/local/opt/php@7.2/bin:/usr/local/opt/php@7.1/sbin:/usr/local/opt/php@7.1/bin:/opt/local/bin:/opt/local/sbin:/Users/nafplann/Documents:/Users/nafplann/.composer/vendor/bin:/anaconda3/bin:/usr/local/bin:/usr/bin:/bin:/usr/sbin:/sbin:/Library/TeX/texbin:/usr/local/go/bin:/opt/X11/bin:/Library/Apple/usr/bin:/Users/nafplann/google-cloud-sdk/bin:/usr/local/opt/node@10/bin:/usr/local/opt/icu4c/sbin:/usr/local/opt/icu4c/bin:/usr/local/opt/php@7.3/sbin:/usr/local/opt/php@7.3/bin:/usr/local/opt/php@7.2/sbin:/usr/local/opt/php@7.2/bin:/usr/local/opt/php@7.1/sbin:/usr/local/opt/php@7.1/bin:/opt/local/bin:/opt/local/sbin:/Users/nafplann/Documents:/Users/nafplann/.composer/vendor/bin:/anaconda3/bin:/Users/nafplann/Library/Android/sdk/emulator:/Users/nafplann/Library/Android/sdk/tools:/Users/nafplann/Library/Android/sdk/tools/bin:/Users/nafplann/Library/Android/sdk/platform-tools:/Users/nafplann/Library/Android/sdk/emulator:/Users/nafplann/Library/Android/sdk/tools:/Users/nafplann/Library/Android/sdk/tools/bin:/Users/nafplann/Library/Android/sdk/platform-tools

Yarn version: 
  1.22.4

Node version: 
  10.22.0

Platform: 
  darwin x64

Trace: 
  Error: https://registry.yarnpkg.com/@babel-cli: Request "https://registry.yarnpkg.com/@babel-cli" returned a 405
      at Request.params.callback [as _callback] (/usr/local/Cellar/yarn/1.22.4/libexec/lib/cli.js:66996:18)
      at Request.self.callback (/usr/local/Cellar/yarn/1.22.4/libexec/lib/cli.js:140748:22)
      at Request.emit (events.js:198:13)
      at Request.<anonymous> (/usr/local/Cellar/yarn/1.22.4/libexec/lib/cli.js:141720:10)
      at Request.emit (events.js:198:13)
      at IncomingMessage.<anonymous> (/usr/local/Cellar/yarn/1.22.4/libexec/lib/cli.js:141642:12)
      at Object.onceWrapper (events.js:286:20)
      at IncomingMessage.emit (events.js:203:15)
      at endReadableNT (_stream_readable.js:1145:12)
      at process._tickCallback (internal/process/next_tick.js:63:19)

npm manifest: 
  {
    "name": "parse-server-phone-firebase-auth",
    "version": "1.0.0",
    "description": "An module to login users in parse server with phone numbers using Firebase Auth.",
    "main": "lib/index.js",
    "scripts": {
      "build": "./node_modules/.bin/babel src/ -d lib/",
      "test": "echo \"Error: no test specified\" && exit 1",
      "prepublish": "npm run build"
    },
    "files": [
      "lib/"
    ],
    "repository": {
      "type": "git",
      "url": "git+https://github.com/Angopapo/Parse-Server-phone-Firebase-auth.git"
    },
    "keywords": [
      "firebase",
      "parse",
      "auth"
    ],
    "author": "Angopapo, LDA <support@angopapo.com> (https://www.angopapo.com)",
    "license": "MIT",
    "bugs": {
      "url": "https://github.com/Angopapo/Parse-Server-phone-Firebase-auth/issues"
    },
    "homepage": "https://github.com/Angopapo/Parse-Server-phone-Firebase-auth#readme",
    "devDependencies": {
      
    },
    "dependencies": {
      "firebase-admin": "^4.0.6"
    }
  }

yarn manifest: 
  No manifest

Lockfile: 
  No lockfile
